<?xml version="1.0" encoding="UTF-8"?>
<!-- Generated by org.testng.reporters.JUnitReportReporter -->
<testsuite hostname="WINDOWS-R8SKFHD" failures="0" tests="2" name="com.qa.fkart.Tests.pageTest" time="80.788" errors="0" timestamp="2021-12-01T12:20:07 IST" skipped="0">
  <testcase classname="com.qa.fkart.Tests.pageTest" name="ValidateTitleTest" time="0.041"/>
  <system-out/>
  <testcase classname="com.qa.fkart.Tests.pageTest" name="closeLoginTest" time="80.747"/>
  <system-out/>
</testsuite> <!-- com.qa.fkart.Tests.pageTest -->
