<?xml version="1.0" encoding="UTF-8"?>
<!-- Generated by org.testng.reporters.JUnitReportReporter -->
<testsuite hostname="WINDOWS-R8SKFHD" failures="0" tests="2" name="com.qa.fkart.Tests.fkart_SearchProductPageTest" time="50.370" errors="0" timestamp="2021-12-01T14:32:27 IST" skipped="0">
  <testcase classname="com.qa.fkart.Tests.fkart_SearchProductPageTest" name="ValidateTitleTest" time="0.042"/>
  <system-out/>
  <testcase classname="com.qa.fkart.Tests.fkart_SearchProductPageTest" name="AddToCartTest" time="50.328"/>
  <system-out/>
</testsuite> <!-- com.qa.fkart.Tests.fkart_SearchProductPageTest -->
