<?xml version="1.0" encoding="UTF-8"?>
<!-- Generated by org.testng.reporters.JUnitReportReporter -->
<testsuite hostname="WINDOWS-R8SKFHD" failures="0" tests="2" name="com.qa.fkart.Tests.fkart_ProductAddToCartPageTest" time="49.062" errors="0" timestamp="2021-12-01T16:08:15 IST" skipped="0">
  <testcase classname="com.qa.fkart.Tests.fkart_ProductAddToCartPageTest" name="ValidateTitleTest" time="0.009"/>
  <system-out/>
  <testcase classname="com.qa.fkart.Tests.fkart_ProductAddToCartPageTest" name="AddToCartTest" time="49.053"/>
  <system-out/>
</testsuite> <!-- com.qa.fkart.Tests.fkart_ProductAddToCartPageTest -->
