<?xml version="1.0" encoding="UTF-8"?>
<!-- Generated by org.testng.reporters.JUnitReportReporter -->
<testsuite hostname="WINDOWS-R8SKFHD" failures="0" tests="2" name="com.qa.fkart.Tests.fkart_RedmigoPageTest" time="36.836" errors="0" timestamp="2021-12-01T16:08:15 IST" skipped="0">
  <testcase classname="com.qa.fkart.Tests.fkart_RedmigoPageTest" name="ValidateTitleTest" time="0.009"/>
  <system-out/>
  <testcase classname="com.qa.fkart.Tests.fkart_RedmigoPageTest" name="redmigoTest" time="36.827"/>
  <system-out/>
</testsuite> <!-- com.qa.fkart.Tests.fkart_RedmigoPageTest -->
