<?xml version="1.0" encoding="UTF-8"?>
<!-- Generated by org.testng.reporters.JUnitReportReporter -->
<testsuite hostname="WINDOWS-R8SKFHD" failures="0" tests="1" name="com.qa.fkart.Base.fkart_Base" time="12.225" errors="0" timestamp="2021-11-29T13:01:18 IST" skipped="0">
  <testcase classname="com.qa.fkart.Base.fkart_Base" name="initialization" time="12.225"/>
  <system-out/>
</testsuite> <!-- com.qa.fkart.Base.fkart_Base -->
