<?xml version="1.0" encoding="UTF-8"?>
<!-- Generated by org.testng.reporters.JUnitReportReporter -->
<testsuite hostname="WINDOWS-R8SKFHD" failures="0" tests="1" name="com.qa.fkart.Pages.fkart_LoginPage" time="7.112" errors="0" timestamp="2021-11-29T13:14:36 IST" skipped="0">
  <testcase classname="com.qa.fkart.Pages.fkart_LoginPage" name="initialization" time="7.112"/>
  <system-out/>
</testsuite> <!-- com.qa.fkart.Pages.fkart_LoginPage -->
