<?xml version="1.0" encoding="UTF-8"?>
<!-- Generated by org.testng.reporters.JUnitReportReporter -->
<testsuite hostname="WINDOWS-R8SKFHD" failures="0" tests="1" name="com.qa.fkart.Tests.fkart_LoginTest" time="32.941" errors="0" timestamp="2021-12-01T13:07:15 IST" skipped="0">
  <testcase classname="com.qa.fkart.Tests.fkart_LoginTest" name="closeLoginTest" time="32.941"/>
  <system-out/>
</testsuite> <!-- com.qa.fkart.Tests.fkart_LoginTest -->
